2024-05-31 17:46:20 - WARNING - Username: testuser failed to edited account testuser
2024-05-31 17:46:20 - WARNING - Username: testuser failed to edited account testuser
2024-05-31 17:46:20 - WARNING - Username: testuser failed to edited account testuser
2024-05-31 17:46:20 - WARNING - Username: testuser failed to edited account testuser
2024-05-31 17:46:20 - WARNING - Username: testuser failed to edited account testuser
2024-05-31 17:46:20 - WARNING - Username: testuser failed to edited account testuser
2024-05-31 17:46:20 - WARNING - Username: testuser failed to edited account testuser
2024-05-31 17:46:20 - WARNING - Username: testuser failed to edited account testuser
2024-05-31 17:46:20 - WARNING - Username: testuser failed to edited account testuser
2024-05-31 17:46:20 - WARNING - Username: testuser failed to edited account testuser
2024-05-31 17:46:20 - WARNING - Username: testuser failed to edited account testuser
2024-05-31 17:46:20 - WARNING - Username: testuser failed to edited account testuser
2024-05-31 17:46:20 - WARNING - Username: testuser failed to edited account testuser
2024-05-31 17:46:20 - WARNING - Username: testuser failed to edited account testuser
2024-05-31 17:46:20 - WARNING - Username: testuser failed to edited account testuser
2024-05-31 17:46:20 - WARNING - Username: testuser failed to edited account testuser
2024-05-31 17:46:20 - WARNING - Username: testuser failed to edited account testuser
2024-05-31 17:46:20 - WARNING - Username: testuser failed to edited account testuser
2024-05-31 17:46:20 - WARNING - Username: testuser failed to edited account testuser
2024-05-31 17:46:21 - INFO - Username: testuser logged in successfully
2024-05-31 17:46:21 - INFO - Username: testuser logged in successfully
2024-05-31 17:46:21 - INFO - Username: testuser logged in successfully
2024-05-31 17:46:21 - INFO - Username: testuser logged in successfully
2024-05-31 17:46:21 - INFO - Username: testuser logged in successfully
2024-05-31 17:46:21 - INFO - Username: testuser logged in successfully
2024-05-31 17:46:21 - INFO - Username: testuser logged in successfully
2024-05-31 17:46:21 - INFO - Username: testuser logged in successfully
2024-05-31 17:46:21 - INFO - Username: testuser logged in successfully
2024-05-31 17:46:21 - INFO - Username: testuser logged in successfully
2024-05-31 17:46:21 - INFO - Username: testuser logged in successfully
2024-05-31 17:46:21 - INFO - Username: testuser logged in successfully
2024-05-31 17:46:21 - INFO - Username: testuser logged in successfully
2024-05-31 17:46:21 - INFO - Username: testuser logged in successfully
2024-05-31 17:46:21 - INFO - Username: testuser logged in successfully
2024-05-31 17:46:21 - INFO - Username: testuser logged in successfully
2024-05-31 17:46:21 - INFO - Username: testuser logged in successfully
2024-05-31 17:46:21 - INFO - Username: testuser logged in successfully
2024-05-31 17:46:21 - INFO - Username: testuser logged in successfully
2024-05-31 17:46:21 - INFO - Username: testuser logged in successfully
2024-05-31 17:46:21 - INFO - Username: testuser logged in successfully
2024-05-31 17:46:21 - INFO - Username: testuser logged in successfully
2024-05-31 17:46:21 - INFO - Username: testuser logged in successfully
2024-05-31 17:46:21 - INFO - Username: testuser logged in successfully
2024-05-31 17:46:21 - INFO - Username: testuser logged in successfully
2024-05-31 17:46:21 - INFO - Username: testuser logged in successfully
2024-05-31 17:46:21 - INFO - Username: testuser logged in successfully
2024-05-31 17:46:22 - INFO - Username: testuser logged in successfully
2024-05-31 17:46:22 - INFO - Username: testuser logged in successfully
2024-05-31 17:46:22 - INFO - Username: testuser logged in successfully
2024-05-31 17:46:22 - INFO - Username: testuser logged in successfully
2024-05-31 17:46:22 - INFO - Username: testuser logged in successfully
2024-05-31 17:46:22 - INFO - Username: testuser logged in successfully
2024-05-31 17:46:22 - INFO - Username: testuser logged in successfully
2024-05-31 17:46:22 - INFO - Username: testuser logged in successfully
2024-05-31 17:46:22 - INFO - Username: testuser logged in successfully
2024-05-31 17:46:22 - INFO - Username: testuser logged in successfully
2024-05-31 17:46:22 - INFO - Username: testuser logged in successfully
2024-05-31 17:46:22 - INFO - Username: testuser logged in successfully
2024-05-31 17:46:22 - INFO - Username: testuser logged in successfully
2024-05-31 17:46:22 - INFO - Username: testuser logged in successfully
2024-05-31 17:46:22 - INFO - Username: testuser logged in successfully
2024-05-31 17:46:22 - INFO - Username: testuser logged in successfully
2024-05-31 17:46:22 - INFO - Username: testuser logged in successfully
2024-05-31 17:46:22 - INFO - Username: testuser logged in successfully
2024-05-31 17:46:22 - INFO - Username: testuser logged in successfully
2024-05-31 17:46:22 - INFO - Username: testuser logged in successfully
2024-05-31 17:46:22 - INFO - Username: testuser logged in successfully
2024-05-31 17:46:22 - INFO - Username: testuser logged in successfully
2024-05-31 17:46:22 - INFO - Username: testuser logged in successfully
2024-05-31 17:46:22 - INFO - Username: testuser logged in successfully
2024-05-31 17:46:22 - INFO - Username: testuser logged in successfully
2024-05-31 17:46:22 - INFO - Username: testuser logged in successfully
2024-05-31 17:46:22 - INFO - Username: testuser logged in successfully
2024-05-31 17:46:22 - INFO - Username: testuser logged in successfully
2024-05-31 17:46:22 - INFO - Username: testuser logged out
2024-05-31 17:46:22 - INFO - Username: testuser logged out
2024-05-31 17:46:22 - INFO - Username: testuser logged out
2024-05-31 17:46:22 - INFO - Username: testuser logged out
2024-05-31 17:46:22 - INFO - Username: testuser logged out
2024-05-31 17:46:22 - INFO - Username: testuser logged out
2024-05-31 17:46:22 - INFO - Username: testuser logged out
2024-05-31 17:46:22 - INFO - Username: testuser logged out
2024-05-31 17:46:22 - INFO - Username: testuser logged out
2024-05-31 17:46:22 - INFO - Username: testuser logged out
2024-05-31 17:46:22 - INFO - Username: testuser logged out
2024-05-31 17:46:22 - INFO - Username: testuser logged out
2024-05-31 17:46:22 - INFO - Username: testuser logged out
2024-05-31 17:46:22 - INFO - Username: testuser logged out
2024-05-31 17:46:22 - INFO - Username: testuser logged out
2024-05-31 17:46:22 - INFO - Username: testuser logged out
2024-05-31 17:46:22 - INFO - Username: testuser logged out
2024-05-31 17:46:22 - INFO - Username: testuser logged out
2024-05-31 17:46:22 - INFO - Username: testuser logged out
2024-05-31 17:46:22 - INFO - Username: testuser logged out
2024-05-31 17:46:22 - INFO - Username: testuser logged out
2024-05-31 17:46:22 - INFO - Username: testuser logged out
2024-05-31 17:46:22 - INFO - Username: testuser logged out
2024-05-31 17:46:22 - INFO - Username: testuser logged out
2024-05-31 17:46:22 - INFO - Username: testuser logged out
2024-05-31 17:46:22 - INFO - Username: testuser logged out
2024-05-31 17:46:22 - INFO - Username: testuser logged out
2024-05-31 17:46:22 - INFO - Username: testuser logged out
2024-05-31 17:46:34 - INFO - Username: admin logged in successfully
2024-05-31 17:48:52 - INFO - Username: admin logged in successfully
2024-05-31 17:49:26 - INFO - Username: admin logged in successfully
2024-05-31 17:53:16 - INFO - Username: admin logged in successfully
2024-05-31 17:55:57 - INFO - Username: admin logged in successfully
2024-05-31 17:56:44 - INFO - Username: admin logged in successfully
2024-05-31 17:58:46 - INFO - Username: admin logged in successfully
2024-05-31 18:02:36 - INFO - Username: admin logged in successfully
2024-05-31 18:03:20 - INFO - Username: admin logged in successfully
2024-05-31 18:03:55 - INFO - Username: admin logged in successfully
2024-05-31 18:04:34 - INFO - Username: admin logged in successfully
2024-05-31 18:04:57 - INFO - Username: admin logged in successfully
2024-05-31 18:05:15 - INFO - Username: admin logged in successfully
2024-05-31 18:05:28 - INFO - Username: admin logged in successfully
2024-05-31 18:05:39 - INFO - Username: admin logged in successfully
2024-05-31 18:06:54 - INFO - Username: admin logged in successfully
2024-05-31 18:09:25 - INFO - Username: admin logged in successfully
2024-05-31 18:11:21 - INFO - Username: admin logged in successfully
2024-05-31 18:11:40 - INFO - Username: admin logged in successfully
2024-05-31 18:11:49 - INFO - Username: admin logged in successfully
2024-05-31 18:12:20 - INFO - Username: admin logged in successfully
2024-05-31 18:12:46 - INFO - Username: admin logged in successfully
2024-05-31 18:12:53 - INFO - Username: admin logged in successfully
2024-05-31 18:24:04 - INFO - Username: admin logged in successfully
2024-05-31 18:26:12 - INFO - Username: admin logged in successfully
2024-05-31 18:27:57 - INFO - Username: admin logged in successfully
2024-05-31 18:29:24 - INFO - Username: admin logged in successfully
2024-05-31 18:29:47 - INFO - Username: admin logged in successfully
2024-05-31 18:30:34 - INFO - Username: admin logged in successfully
2024-05-31 18:30:56 - INFO - Username: testuser logged in successfully
2024-05-31 18:30:56 - CRITICAL - Username: testuser accessed attempted to access maintain_user
2024-05-31 18:30:57 - INFO - Username: admin logged in successfully
2024-05-31 18:30:57 - INFO - Username: admin logged in successfully
2024-05-31 18:30:58 - INFO - Username: admin logged in successfully
2024-05-31 18:30:58 - INFO - Username: admin logged in successfully
2024-05-31 18:30:58 - INFO - Username: admin logged in successfully
2024-05-31 18:30:59 - INFO - Username: testuser logged in successfully
2024-05-31 18:30:59 - INFO - Username: testuser logged in successfully
2024-05-31 18:30:59 - INFO - Username: testuser logged in successfully
2024-05-31 18:30:59 - INFO - Username: testuser logged in successfully
2024-05-31 18:30:59 - CRITICAL - Username: testuser accessed attempted to access edit_user
2024-05-31 18:31:00 - INFO - Username: admin logged in successfully
